<?xml version="1.0" encoding="UTF-8"?>
<testsuite name="com.bridgelabz.parkinglot.ParkingLotTest" tests="1" skipped="0" failures="0" errors="0" timestamp="2020-09-14T22:38:12" hostname="EEE1407203" time="0.003">
  <properties/>
  <testcase name="givenBlackVehicle_WhenAskedForWhiteColor_ShouldReturnFalse" classname="com.bridgelabz.parkinglot.ParkingLotTest" time="0.003"/>
  <system-out><![CDATA[]]></system-out>
  <system-err><![CDATA[]]></system-err>
</testsuite>
