<?xml version="1.0" encoding="UTF-8"?>
<testsuite name="com.bridgelabz.parkinglot.ParkingLotTest" tests="1" skipped="0" failures="0" errors="0" timestamp="2020-09-13T21:51:43" hostname="EEE1407203" time="0.004">
  <properties/>
  <testcase name="givenLargeVehicle_WhenParkedShouldReturnTheMostSpaciousSlot" classname="com.bridgelabz.parkinglot.ParkingLotTest" time="0.004"/>
  <system-out><![CDATA[]]></system-out>
  <system-err><![CDATA[]]></system-err>
</testsuite>
