<?xml version="1.0" encoding="UTF-8"?>
<testsuite name="com.bridgelabz.parkinglot.ParkingLotTest" tests="1" skipped="0" failures="0" errors="0" timestamp="2020-09-13T19:06:29" hostname="EEE1407203" time="0.002">
  <properties/>
  <testcase name="givenAParkedVehicle_WhenSearchedBySlot_ShouldReturnSlotPosition" classname="com.bridgelabz.parkinglot.ParkingLotTest" time="0.002"/>
  <system-out><![CDATA[]]></system-out>
  <system-err><![CDATA[]]></system-err>
</testsuite>
